<?xml version="1.0" encoding="UTF-8"?>
<testng-results ignored="0" total="6" passed="5" failed="1" skipped="0">
  <reporter-output>
  </reporter-output>
  <suite started-at="2024-04-29T22:51:37 BST" name="Free CRM Suite" finished-at="2024-04-29T22:52:26 BST" duration-ms="48700">
    <groups>
    </groups>
    <test started-at="2024-04-29T22:51:37 BST" name="CRM Testcases" finished-at="2024-04-29T22:52:26 BST" duration-ms="48700">
      <class name="com.crm.qa.testcases.HomePageTest">
        <test-method is-config="true" signature="setUp()[pri:0, instance:com.crm.qa.testcases.HomePageTest@44ebcd03]" started-at="2024-04-29T22:51:51 BST" name="setUp" finished-at="2024-04-29T22:51:58 BST" duration-ms="6401" status="PASS">
          <reporter-output>
          </reporter-output>
        </test-method> <!-- setUp -->
        <test-method signature="verifyHomePageTitleTest()[pri:1, instance:com.crm.qa.testcases.HomePageTest@44ebcd03]" started-at="2024-04-29T22:51:58 BST" name="verifyHomePageTitleTest" finished-at="2024-04-29T22:51:58 BST" duration-ms="4" status="FAIL">
          <exception class="java.lang.AssertionError">
            <message>
              <![CDATA[Cogmento CRM expected:<Cogmento CRM> but was:<Home Page Title Not matched>]]>
            </message>
            <full-stacktrace>
              <![CDATA[java.lang.AssertionError: Cogmento CRM expected:<Cogmento CRM> but was:<Home Page Title Not matched>
at org.testng.AssertJUnit.assertEquals(AssertJUnit.java:115)
at com.crm.qa.testcases.HomePageTest.verifyHomePageTitleTest(HomePageTest.java:46)
at java.base/jdk.internal.reflect.DirectMethodHandleAccessor.invoke(DirectMethodHandleAccessor.java:103)
at java.base/java.lang.reflect.Method.invoke(Method.java:580)
at org.testng.internal.invokers.MethodInvocationHelper.invokeMethod(MethodInvocationHelper.java:139)
at org.testng.internal.invokers.TestInvoker.invokeMethod(TestInvoker.java:677)
at org.testng.internal.invokers.TestInvoker.invokeTestMethod(TestInvoker.java:221)
at org.testng.internal.invokers.MethodRunner.runInSequence(MethodRunner.java:50)
at org.testng.internal.invokers.TestInvoker$MethodInvocationAgent.invoke(TestInvoker.java:969)
at org.testng.internal.invokers.TestInvoker.invokeTestMethods(TestInvoker.java:194)
at org.testng.internal.invokers.TestMethodWorker.invokeTestMethods(TestMethodWorker.java:148)
at org.testng.internal.invokers.TestMethodWorker.run(TestMethodWorker.java:128)
at java.base/java.util.ArrayList.forEach(ArrayList.java:1596)
at org.testng.TestRunner.privateRun(TestRunner.java:829)
at org.testng.TestRunner.run(TestRunner.java:602)
at org.testng.SuiteRunner.runTest(SuiteRunner.java:437)
at org.testng.SuiteRunner.runSequentially(SuiteRunner.java:431)
at org.testng.SuiteRunner.privateRun(SuiteRunner.java:391)
at org.testng.SuiteRunner.run(SuiteRunner.java:330)
at org.testng.SuiteRunnerWorker.runSuite(SuiteRunnerWorker.java:52)
at org.testng.SuiteRunnerWorker.run(SuiteRunnerWorker.java:95)
at org.testng.TestNG.runSuitesSequentially(TestNG.java:1256)
at org.testng.TestNG.runSuitesLocally(TestNG.java:1176)
at org.testng.TestNG.runSuites(TestNG.java:1099)
at org.testng.TestNG.run(TestNG.java:1067)
at org.testng.remote.AbstractRemoteTestNG.run(AbstractRemoteTestNG.java:115)
at org.testng.remote.RemoteTestNG.initAndRun(RemoteTestNG.java:251)
at org.testng.remote.RemoteTestNG.main(RemoteTestNG.java:77)
]]>
            </full-stacktrace>
          </exception> <!-- java.lang.AssertionError -->
          <reporter-output>
          </reporter-output>
        </test-method> <!-- verifyHomePageTitleTest -->
        <test-method is-config="true" signature="TearDown()[pri:0, instance:com.crm.qa.testcases.HomePageTest@44ebcd03]" started-at="2024-04-29T22:51:58 BST" name="TearDown" finished-at="2024-04-29T22:51:59 BST" duration-ms="627" status="PASS">
          <reporter-output>
          </reporter-output>
        </test-method> <!-- TearDown -->
      </class> <!-- com.crm.qa.testcases.HomePageTest -->
      <class name="com.crm.qa.testcases.ContactsPageTest">
        <test-method is-config="true" signature="setUp()[pri:0, instance:com.crm.qa.testcases.ContactsPageTest@694abbdc]" started-at="2024-04-29T22:51:59 BST" name="setUp" finished-at="2024-04-29T22:52:06 BST" duration-ms="7163" status="PASS">
          <reporter-output>
          </reporter-output>
        </test-method> <!-- setUp -->
        <test-method signature="validateCreateNewContactTest(java.lang.String,java.lang.String,java.lang.String)[pri:3, instance:com.crm.qa.testcases.ContactsPageTest@694abbdc]" started-at="2024-04-29T22:52:06 BST" name="validateCreateNewContactTest" data-provider="getTestData" finished-at="2024-04-29T22:52:07 BST" duration-ms="1073" status="PASS">
          <params>
            <param index="0">
              <value>
                <![CDATA[Arhant]]>
              </value>
            </param>
            <param index="1">
              <value>
                <![CDATA[Ghodeswar]]>
              </value>
            </param>
            <param index="2">
              <value>
                <![CDATA[Own]]>
              </value>
            </param>
          </params>
          <reporter-output>
          </reporter-output>
        </test-method> <!-- validateCreateNewContactTest -->
        <test-method is-config="true" signature="tearDown()[pri:0, instance:com.crm.qa.testcases.ContactsPageTest@694abbdc]" started-at="2024-04-29T22:52:07 BST" name="tearDown" finished-at="2024-04-29T22:52:08 BST" duration-ms="641" status="PASS">
          <reporter-output>
          </reporter-output>
        </test-method> <!-- tearDown -->
        <test-method is-config="true" signature="setUp()[pri:0, instance:com.crm.qa.testcases.ContactsPageTest@694abbdc]" started-at="2024-04-29T22:52:08 BST" name="setUp" finished-at="2024-04-29T22:52:15 BST" duration-ms="7257" status="PASS">
          <reporter-output>
          </reporter-output>
        </test-method> <!-- setUp -->
        <test-method signature="validateCreateNewContactTest(java.lang.String,java.lang.String,java.lang.String)[pri:3, instance:com.crm.qa.testcases.ContactsPageTest@694abbdc]" started-at="2024-04-29T22:52:15 BST" name="validateCreateNewContactTest" data-provider="getTestData" finished-at="2024-04-29T22:52:16 BST" duration-ms="968" status="PASS">
          <params>
            <param index="0">
              <value>
                <![CDATA[Rohan]]>
              </value>
            </param>
            <param index="1">
              <value>
                <![CDATA[Ghodeswar]]>
              </value>
            </param>
            <param index="2">
              <value>
                <![CDATA[P & R]]>
              </value>
            </param>
          </params>
          <reporter-output>
          </reporter-output>
        </test-method> <!-- validateCreateNewContactTest -->
        <test-method is-config="true" signature="tearDown()[pri:0, instance:com.crm.qa.testcases.ContactsPageTest@694abbdc]" started-at="2024-04-29T22:52:16 BST" name="tearDown" finished-at="2024-04-29T22:52:17 BST" duration-ms="622" status="PASS">
          <reporter-output>
          </reporter-output>
        </test-method> <!-- tearDown -->
        <test-method is-config="true" signature="setUp()[pri:0, instance:com.crm.qa.testcases.ContactsPageTest@694abbdc]" started-at="2024-04-29T22:52:17 BST" name="setUp" finished-at="2024-04-29T22:52:24 BST" duration-ms="7496" status="PASS">
          <reporter-output>
          </reporter-output>
        </test-method> <!-- setUp -->
        <test-method signature="validateCreateNewContactTest(java.lang.String,java.lang.String,java.lang.String)[pri:3, instance:com.crm.qa.testcases.ContactsPageTest@694abbdc]" started-at="2024-04-29T22:52:24 BST" name="validateCreateNewContactTest" data-provider="getTestData" finished-at="2024-04-29T22:52:25 BST" duration-ms="960" status="PASS">
          <params>
            <param index="0">
              <value>
                <![CDATA[Param]]>
              </value>
            </param>
            <param index="1">
              <value>
                <![CDATA[Ghodeswar]]>
              </value>
            </param>
            <param index="2">
              <value>
                <![CDATA[Arhant and Rohan]]>
              </value>
            </param>
          </params>
          <reporter-output>
          </reporter-output>
        </test-method> <!-- validateCreateNewContactTest -->
        <test-method is-config="true" signature="tearDown()[pri:0, instance:com.crm.qa.testcases.ContactsPageTest@694abbdc]" started-at="2024-04-29T22:52:25 BST" name="tearDown" finished-at="2024-04-29T22:52:26 BST" duration-ms="624" status="PASS">
          <reporter-output>
          </reporter-output>
        </test-method> <!-- tearDown -->
      </class> <!-- com.crm.qa.testcases.ContactsPageTest -->
      <class name="com.crm.qa.testcases.LoginPageTest">
        <test-method is-config="true" signature="setUp()[pri:0, instance:com.crm.qa.testcases.LoginPageTest@16ec5519]" started-at="2024-04-29T22:51:37 BST" name="setUp" finished-at="2024-04-29T22:51:44 BST" duration-ms="6237" status="PASS">
          <reporter-output>
          </reporter-output>
        </test-method> <!-- setUp -->
        <test-method signature="loginPageTitleTest()[pri:1, instance:com.crm.qa.testcases.LoginPageTest@16ec5519]" started-at="2024-04-29T22:51:44 BST" name="loginPageTitleTest" finished-at="2024-04-29T22:51:44 BST" duration-ms="9" status="PASS">
          <reporter-output>
          </reporter-output>
        </test-method> <!-- loginPageTitleTest -->
        <test-method is-config="true" signature="TearDown()[pri:0, instance:com.crm.qa.testcases.LoginPageTest@16ec5519]" started-at="2024-04-29T22:51:44 BST" name="TearDown" finished-at="2024-04-29T22:51:44 BST" duration-ms="681" status="PASS">
          <reporter-output>
          </reporter-output>
        </test-method> <!-- TearDown -->
        <test-method is-config="true" signature="setUp()[pri:0, instance:com.crm.qa.testcases.LoginPageTest@16ec5519]" started-at="2024-04-29T22:51:44 BST" name="setUp" finished-at="2024-04-29T22:51:50 BST" duration-ms="6016" status="PASS">
          <reporter-output>
          </reporter-output>
        </test-method> <!-- setUp -->
        <test-method signature="loginTest()[pri:2, instance:com.crm.qa.testcases.LoginPageTest@16ec5519]" started-at="2024-04-29T22:51:50 BST" name="loginTest" finished-at="2024-04-29T22:51:51 BST" duration-ms="350" status="PASS">
          <reporter-output>
          </reporter-output>
        </test-method> <!-- loginTest -->
        <test-method is-config="true" signature="TearDown()[pri:0, instance:com.crm.qa.testcases.LoginPageTest@16ec5519]" started-at="2024-04-29T22:51:51 BST" name="TearDown" finished-at="2024-04-29T22:51:51 BST" duration-ms="613" status="PASS">
          <reporter-output>
          </reporter-output>
        </test-method> <!-- TearDown -->
      </class> <!-- com.crm.qa.testcases.LoginPageTest -->
    </test> <!-- CRM Testcases -->
  </suite> <!-- Free CRM Suite -->
</testng-results>
