<?xml version="1.0" encoding="UTF-8"?>
<!-- Generated by org.testng.reporters.JUnitXMLReporter -->
<testsuite ignored="0" hostname="Kappus-MBP.lan" failures="1" tests="6" name="CRM Testcases" time="48.7" errors="0" timestamp="2024-04-29T22:52:26 BST">
  <testcase classname="com.crm.qa.testcases.LoginPageTest" name="loginPageTitleTest" time="0.009"/>
  <testcase classname="com.crm.qa.testcases.LoginPageTest" name="loginTest" time="0.35"/>
  <testcase classname="com.crm.qa.testcases.HomePageTest" name="verifyHomePageTitleTest" time="0.004">
    <failure type="java.lang.AssertionError" message="Cogmento CRM expected:&amp;lt;Cogmento CRM&amp;gt; but was:&amp;lt;Home Page Title Not matched&amp;gt;">
      <![CDATA[java.lang.AssertionError: Cogmento CRM expected:<Cogmento CRM> but was:<Home Page Title Not matched>
at com.crm.qa.testcases.HomePageTest.verifyHomePageTitleTest(HomePageTest.java:46)
at java.base/java.util.ArrayList.forEach(ArrayList.java:1596)
... Removed 26 stack frames]]>
    </failure>
  </testcase> <!-- verifyHomePageTitleTest -->
  <testcase classname="com.crm.qa.testcases.ContactsPageTest" name="validateCreateNewContactTest" time="1.073"/>
  <testcase classname="com.crm.qa.testcases.ContactsPageTest" name="validateCreateNewContactTest" time="0.968"/>
  <testcase classname="com.crm.qa.testcases.ContactsPageTest" name="validateCreateNewContactTest" time="0.96"/>
</testsuite> <!-- CRM Testcases -->
